<?xml version="1.0" encoding="UTF-8"?>
<testsuite name="iceCreamService.service.RoleTrackerServiceTest" tests="1" skipped="0" failures="0" errors="0" timestamp="2018-10-20T08:49:37" hostname="In-Ishusi.local" time="0.001">
  <properties/>
  <testcase name="shouldAddTeamIfTheTeamNameIsUnique" classname="iceCreamService.service.RoleTrackerServiceTest" time="0.001"/>
  <system-out><![CDATA[]]></system-out>
  <system-err><![CDATA[]]></system-err>
</testsuite>
