<?xml version="1.0" encoding="UTF-8"?>
<testsuite name="iceCreamService.service.MemberServiceTest" tests="6" skipped="0" failures="0" errors="0" timestamp="2018-10-20T08:49:37" hostname="In-Ishusi.local" time="0.004">
  <properties/>
  <testcase name="shouldAlotMemberATeam" classname="iceCreamService.service.MemberServiceTest" time="0.0"/>
  <testcase name="shouldAddMember" classname="iceCreamService.service.MemberServiceTest" time="0.001"/>
  <testcase name="shouldCallMemberRepository" classname="iceCreamService.service.MemberServiceTest" time="0.0"/>
  <testcase name="shouldReturnTrueIfMemberBelongsToTheTeam" classname="iceCreamService.service.MemberServiceTest" time="0.0"/>
  <testcase name="shouldReturnFalseIfMemberDoesNotBelongsToTheTeam" classname="iceCreamService.service.MemberServiceTest" time="0.0"/>
  <testcase name="shouldReturnAllTheMembersOfParticularTeam" classname="iceCreamService.service.MemberServiceTest" time="0.0"/>
  <system-out><![CDATA[false
trueI am Member
falseI am Member
]]></system-out>
  <system-err><![CDATA[]]></system-err>
</testsuite>
