<?xml version="1.0" encoding="UTF-8"?>
<testsuite name="iceCreamService.controller.ControllerTest" tests="6" skipped="0" failures="0" errors="0" timestamp="2018-10-20T08:49:37" hostname="In-Ishusi.local" time="0.049">
  <properties/>
  <testcase name="getListOfMembers" classname="iceCreamService.controller.ControllerTest" time="0.011"/>
  <testcase name="addNewUser" classname="iceCreamService.controller.ControllerTest" time="0.03"/>
  <testcase name="getAllMembersOfTeam" classname="iceCreamService.controller.ControllerTest" time="0.0"/>
  <testcase name="shouldReturnAllTheTeamsOfUser" classname="iceCreamService.controller.ControllerTest" time="0.002"/>
  <testcase name="shouldAddTeamForUser" classname="iceCreamService.controller.ControllerTest" time="0.001"/>
  <testcase name="addMemberToTeam" classname="iceCreamService.controller.ControllerTest" time="0.001"/>
  <system-out><![CDATA[]]></system-out>
  <system-err><![CDATA[]]></system-err>
</testsuite>
