<?xml version="1.0" encoding="UTF-8"?>
<testsuite name="iceCreamService.service.ScoreServiceTest" tests="6" skipped="0" failures="0" errors="0" timestamp="2018-10-20T08:49:37" hostname="In-Ishusi.local" time="0.017">
  <properties/>
  <testcase name="shouldReduceScoreOfMember" classname="iceCreamService.service.ScoreServiceTest" time="0.008"/>
  <testcase name="shouldReturnZeroIfMemberEntryIsNotThereOrIsRedeemed" classname="iceCreamService.service.ScoreServiceTest" time="0.006"/>
  <testcase name="shouldAddAnEntryIfMemberAndTeamAreValid" classname="iceCreamService.service.ScoreServiceTest" time="0.0"/>
  <testcase name="shouldNotReduceScoreOfMemberIfThereAreNoEntries" classname="iceCreamService.service.ScoreServiceTest" time="0.0"/>
  <testcase name="shouldReturnScoreOfAMember" classname="iceCreamService.service.ScoreServiceTest" time="0.001"/>
  <testcase name="shouldResetScoreOfTheMember" classname="iceCreamService.service.ScoreServiceTest" time="0.001"/>
  <system-out><![CDATA[]]></system-out>
  <system-err><![CDATA[]]></system-err>
</testsuite>
