<?xml version="1.0" encoding="UTF-8"?>
<testsuite name="iceCreamService.service.UserServiceTest" tests="5" skipped="0" failures="0" errors="0" timestamp="2018-10-20T08:49:37" hostname="In-Ishusi.local" time="0.085">
  <properties/>
  <testcase name="shouldAddTeam" classname="iceCreamService.service.UserServiceTest" time="0.082"/>
  <testcase name="shouldGetAllTheTeams" classname="iceCreamService.service.UserServiceTest" time="0.001"/>
  <testcase name="shouldDeleteTeam" classname="iceCreamService.service.UserServiceTest" time="0.0"/>
  <testcase name="shouldGetTheTeamInfoIfEmailIdIsValid" classname="iceCreamService.service.UserServiceTest" time="0.001"/>
  <testcase name="shouldThrowExceptionIfEmailIdNotFound" classname="iceCreamService.service.UserServiceTest" time="0.0"/>
  <system-out><![CDATA[]]></system-out>
  <system-err><![CDATA[]]></system-err>
</testsuite>
